{"/home/joe/joe-forbes@github.com/lanirDeviceService/webServer.js":{"path":"/home/joe/joe-forbes@github.com/lanirDeviceService/webServer.js","s":{"1":1,"2":1,"3":1,"4":1,"5":1,"6":1,"7":1,"8":1,"9":1,"10":1,"11":5,"12":5,"13":5,"14":5,"15":10,"16":10,"17":10,"18":10,"19":10,"20":5,"21":5,"22":5,"23":1,"24":1,"25":1,"26":1,"27":1,"28":1,"29":1},"b":{"1":[10,0]},"f":{"1":1,"2":5,"3":1,"4":1},"fnMap":{"1":{"name":"(anonymous_1)","line":11,"loc":{"start":{"line":11,"column":18},"end":{"line":11,"column":34}}},"2":{"name":"(anonymous_2)","line":18,"loc":{"start":{"line":18,"column":19},"end":{"line":18,"column":39}}},"3":{"name":"(anonymous_3)","line":35,"loc":{"start":{"line":35,"column":44},"end":{"line":35,"column":64}}},"4":{"name":"(anonymous_4)","line":39,"loc":{"start":{"line":39,"column":68},"end":{"line":39,"column":80}}}},"statementMap":{"1":{"start":{"line":5,"column":0},"end":{"line":5,"column":33}},"2":{"start":{"line":6,"column":0},"end":{"line":6,"column":37}},"3":{"start":{"line":7,"column":0},"end":{"line":7,"column":38}},"4":{"start":{"line":9,"column":0},"end":{"line":9,"column":43}},"5":{"start":{"line":11,"column":0},"end":{"line":16,"column":2}},"6":{"start":{"line":12,"column":2},"end":{"line":12,"column":19}},"7":{"start":{"line":13,"column":2},"end":{"line":13,"column":41}},"8":{"start":{"line":14,"column":2},"end":{"line":14,"column":25}},"9":{"start":{"line":15,"column":2},"end":{"line":15,"column":58}},"10":{"start":{"line":18,"column":0},"end":{"line":33,"column":3}},"11":{"start":{"line":19,"column":2},"end":{"line":19,"column":44}},"12":{"start":{"line":20,"column":2},"end":{"line":20,"column":18}},"13":{"start":{"line":21,"column":2},"end":{"line":21,"column":19}},"14":{"start":{"line":22,"column":2},"end":{"line":29,"column":3}},"15":{"start":{"line":23,"column":4},"end":{"line":28,"column":5}},"16":{"start":{"line":24,"column":6},"end":{"line":24,"column":22}},"17":{"start":{"line":25,"column":6},"end":{"line":25,"column":22}},"18":{"start":{"line":26,"column":6},"end":{"line":26,"column":45}},"19":{"start":{"line":27,"column":6},"end":{"line":27,"column":27}},"20":{"start":{"line":30,"column":2},"end":{"line":30,"column":27}},"21":{"start":{"line":31,"column":2},"end":{"line":31,"column":144}},"22":{"start":{"line":32,"column":2},"end":{"line":32,"column":19}},"23":{"start":{"line":35,"column":0},"end":{"line":43,"column":3}},"24":{"start":{"line":36,"column":2},"end":{"line":36,"column":35}},"25":{"start":{"line":37,"column":2},"end":{"line":37,"column":48}},"26":{"start":{"line":38,"column":2},"end":{"line":38,"column":50}},"27":{"start":{"line":39,"column":2},"end":{"line":40,"column":5}},"28":{"start":{"line":41,"column":2},"end":{"line":41,"column":45}},"29":{"start":{"line":42,"column":2},"end":{"line":42,"column":16}}},"branchMap":{"1":{"line":23,"type":"if","locations":[{"start":{"line":23,"column":4},"end":{"line":23,"column":4}},{"start":{"line":23,"column":4},"end":{"line":23,"column":4}}]}}}}