TN:
SF:/home/joe/git/github/joe-forbes/lanirDeviceService/webServer.js
FN:11,(anonymous_1)
FN:18,(anonymous_2)
FN:35,(anonymous_3)
FN:39,(anonymous_4)
FNF:4
FNH:4
FNDA:1,(anonymous_1)
FNDA:5,(anonymous_2)
FNDA:1,(anonymous_3)
FNDA:1,(anonymous_4)
DA:5,1
DA:6,1
DA:7,1
DA:9,1
DA:11,1
DA:12,1
DA:13,1
DA:14,1
DA:15,1
DA:18,1
DA:19,5
DA:20,5
DA:21,5
DA:22,5
DA:23,10
DA:24,10
DA:25,10
DA:26,10
DA:27,10
DA:30,5
DA:31,5
DA:32,5
DA:35,1
DA:36,1
DA:37,1
DA:38,1
DA:39,1
DA:40,1
DA:41,1
LF:29
LH:29
BRDA:23,1,0,10
BRDA:23,1,1,0
BRF:2
BRH:1
end_of_record
